<?xml version="1.0" encoding="UTF-8"?>
<testsuite xmlns:xsi="http://www.w3.org/2001/XMLSchema-instance" xsi:noNamespaceSchemaLocation="https://maven.apache.org/surefire/maven-surefire-plugin/xsd/surefire-test-report-3.0.xsd" version="3.0" name="testRunner.TestRun" time="65.399" tests="5" errors="0" skipped="0" failures="1">
  <properties>
[...]
</properties>
  <testcase name="Add new customer" classname="Customers" time="17.525">
    <system-out><![CDATA[Feature: Customers

  Background: below are the common steps for each scenario.                # Features/Customer.feature:3
 INFO [main] (Steps.java:27)- ****Launching browser****
    Given User launch chrome browser                                       # Steps.user_launch_chrome_browser()
 INFO [main] (Steps.java:36)- ****Opening URL****
    When User open Url "https://admin-demo.nopcommerce.com/login"          # Steps.user_open_Url(String)
 INFO [main] (Steps.java:43)- ****Providing login details****
    And Users Enter email as "admin@yourstore.com" and password as "admin" # Steps.users_Enter_email_as_and_password_as(String,String)
 INFO [main] (Steps.java:50)- ****Started Login****
    And click on login                                                     # Steps.click_on_login()
    Then user can view Dashboard                                           # Steps.user_can_view_Dashboard()

  @sanity
  Scenario: Add new customer                                                                # Features/Customer.feature:10
 INFO [main] (Steps.java:93)- ****Opening Customer Menu****
    When user click on customer menu                                                        # Steps.user_click_on_customer_menu()
 INFO [main] (Steps.java:100)- ****Opening Customer Sub Menu****
    And click on customer menu item                                                         # Steps.click_on_customer_menu_item()
 INFO [main] (Steps.java:106)- ****Clicking on new button****
    And click on Add new button                                                             # Steps.click_on_Add_new_button()
 INFO [main] (Steps.java:112)- ****Add new customer page ****
    Then user can view add new customer page                                                # Steps.user_can_view_add_new_customer_page()
    When user enter customer info                                                           # Steps.user_enter_customer_info()
 INFO [main] (Steps.java:131)- ****Save button for saving the new user****
    And click on save button                                                                # Steps.click_on_save_button()
    Then user can view confirmation message "The new customer has been added successfully." # Steps.user_can_view_confirmation_message(String)
 INFO [main] (Steps.java:76)- ****Quitting browser****
    And close browser                                                                       # Steps.close_browser()
]]></system-out>
    <system-err><![CDATA[May 27, 2024 7:47:06 PM cucumber.runtime.java.ObjectFactoryLoader loadSingleObjectFactory
WARNING: Use deprecated reflections to load ObjectFactory.
Starting ChromeDriver 124.0.6367.91 (51df0e5e17a8b0a4f281c1665dbd1b8a0c6b46af-refs/branch-heads/6367@{#984}) on port 46444
Only local connections are allowed.
Please see https://chromedriver.chromium.org/security-considerations for suggestions on keeping ChromeDriver safe.
ChromeDriver was started successfully.
[1716819427.653][WARNING]: This version of ChromeDriver has not been tested with Chrome version 125.
May 27, 2024 7:47:07 PM org.openqa.selenium.remote.ProtocolHandshake createSession
INFO: Detected dialect: W3C
]]></system-err>
  </testcase>
  <testcase name="Search Customer by EmailID" classname="Customers" time="18.429">
    <system-out><![CDATA[
  Background: below are the common steps for each scenario.                # Features/Customer.feature:3
 INFO [main] (Steps.java:27)- ****Launching browser****
    Given User launch chrome browser                                       # Steps.user_launch_chrome_browser()
 INFO [main] (Steps.java:36)- ****Opening URL****
    When User open Url "https://admin-demo.nopcommerce.com/login"          # Steps.user_open_Url(String)
 INFO [main] (Steps.java:43)- ****Providing login details****
    And Users Enter email as "admin@yourstore.com" and password as "admin" # Steps.users_Enter_email_as_and_password_as(String,String)
 INFO [main] (Steps.java:50)- ****Started Login****
    And click on login                                                     # Steps.click_on_login()
    Then user can view Dashboard                                           # Steps.user_can_view_Dashboard()

  @regression
  Scenario: Search Customer by EmailID               # Features/Customer.feature:21
 INFO [main] (Steps.java:93)- ****Opening Customer Menu****
    When user click on customer menu                 # Steps.user_click_on_customer_menu()
 INFO [main] (Steps.java:100)- ****Opening Customer Sub Menu****
    And click on customer menu item                  # Steps.click_on_customer_menu_item()
 INFO [main] (Steps.java:147)- ****Entering Customer Email****
    And Enter customer EMail                         # Steps.enter_customer_EMail()
 INFO [main] (Steps.java:154)- ****Clicking on search button****
    When Click on search button                      # Steps.click_on_search_button()
 INFO [main] (Steps.java:161)- ****Checking of email on search table****
victoria_victoria@nopCommerce.com
    Then User should found Email in the Search table # Steps.user_should_found_Email_in_the_Search_table()
 INFO [main] (Steps.java:76)- ****Quitting browser****
    And close browser                                # Steps.close_browser()
]]></system-out>
    <system-err><![CDATA[Starting ChromeDriver 124.0.6367.91 (51df0e5e17a8b0a4f281c1665dbd1b8a0c6b46af-refs/branch-heads/6367@{#984}) on port 37247
Only local connections are allowed.
Please see https://chromedriver.chromium.org/security-considerations for suggestions on keeping ChromeDriver safe.
ChromeDriver was started successfully.
[1716819444.750][WARNING]: This version of ChromeDriver has not been tested with Chrome version 125.
May 27, 2024 7:47:24 PM org.openqa.selenium.remote.ProtocolHandshake createSession
INFO: Detected dialect: W3C
]]></system-err>
  </testcase>
  <testcase name="Successful Login with Valid Credentials" classname="Login" time="11.158">
    <system-out><![CDATA[
Feature: Login

  @sanity
  Scenario: Successful Login with Valid Credentials                        # Features/Login.feature:4
 INFO [main] (Steps.java:27)- ****Launching browser****
    Given User launch chrome browser                                       # Steps.user_launch_chrome_browser()
 INFO [main] (Steps.java:36)- ****Opening URL****
    When User open Url "https://admin-demo.nopcommerce.com/login"          # Steps.user_open_Url(String)
 INFO [main] (Steps.java:43)- ****Providing login details****
    And Users Enter email as "admin@yourstore.com" and password as "admin" # Steps.users_Enter_email_as_and_password_as(String,String)
 INFO [main] (Steps.java:50)- ****Started Login****
    And click on login                                                     # Steps.click_on_login()
    Then Page title should be "Dashboard / nopCommerce administration"     # Steps.page_title_should_be(String)
 INFO [main] (Steps.java:69)- ****Portal Logout****
    When User click on logout link                                         # Steps.user_click_on_logout_link()
 INFO [main] (Steps.java:76)- ****Quitting browser****
    And close browser                                                      # Steps.close_browser()
]]></system-out>
    <system-err><![CDATA[Starting ChromeDriver 124.0.6367.91 (51df0e5e17a8b0a4f281c1665dbd1b8a0c6b46af-refs/branch-heads/6367@{#984}) on port 35804
Only local connections are allowed.
Please see https://chromedriver.chromium.org/security-considerations for suggestions on keeping ChromeDriver safe.
ChromeDriver was started successfully.
[1716819463.212][WARNING]: This version of ChromeDriver has not been tested with Chrome version 125.
May 27, 2024 7:47:43 PM org.openqa.selenium.remote.ProtocolHandshake createSession
INFO: Detected dialect: W3C
]]></system-err>
  </testcase>
  <testcase name="Successful Login with Valid Credentials" classname="Login" time="11.9">
    <system-out><![CDATA[
  @regression
  Scenario Outline: Successful Login with Valid Credentials # Features/Login.feature:15
    Given User launch chrome browser
    When User open Url "https://admin-demo.nopcommerce.com/login"
    And Users Enter email as "<email>" and password as "<password>"
    And click on login
    Then Page title should be "Dashboard / nopCommerce administration"
    When User click on logout link
    And close browser

    Examples: 

  @regression
  Scenario Outline: Successful Login with Valid Credentials                # Features/Login.feature:27
 INFO [main] (Steps.java:27)- ****Launching browser****
    Given User launch chrome browser                                       # Steps.user_launch_chrome_browser()
 INFO [main] (Steps.java:36)- ****Opening URL****
    When User open Url "https://admin-demo.nopcommerce.com/login"          # Steps.user_open_Url(String)
 INFO [main] (Steps.java:43)- ****Providing login details****
    And Users Enter email as "admin@yourstore.com" and password as "admin" # Steps.users_Enter_email_as_and_password_as(String,String)
 INFO [main] (Steps.java:50)- ****Started Login****
    And click on login                                                     # Steps.click_on_login()
    Then Page title should be "Dashboard / nopCommerce administration"     # Steps.page_title_should_be(String)
 INFO [main] (Steps.java:69)- ****Portal Logout****
    When User click on logout link                                         # Steps.user_click_on_logout_link()
 INFO [main] (Steps.java:76)- ****Quitting browser****
    And close browser                                                      # Steps.close_browser()
]]></system-out>
    <system-err><![CDATA[Starting ChromeDriver 124.0.6367.91 (51df0e5e17a8b0a4f281c1665dbd1b8a0c6b46af-refs/branch-heads/6367@{#984}) on port 38164
Only local connections are allowed.
Please see https://chromedriver.chromium.org/security-considerations for suggestions on keeping ChromeDriver safe.
ChromeDriver was started successfully.
[1716819474.485][WARNING]: This version of ChromeDriver has not been tested with Chrome version 125.
May 27, 2024 7:47:54 PM org.openqa.selenium.remote.ProtocolHandshake createSession
INFO: Detected dialect: W3C
]]></system-err>
  </testcase>
  <testcase name="Successful Login with Valid Credentials" classname="Login" time="6.109">
    <failure type="java.lang.AssertionError"><![CDATA[java.lang.AssertionError
	at org.junit.Assert.fail(Assert.java:86)
	at org.junit.Assert.assertTrue(Assert.java:41)
	at org.junit.Assert.assertTrue(Assert.java:52)
	at stepDefinitions.Steps.page_title_should_be(Steps.java:60)
	at ✽.Page title should be "Dashboard / nopCommerce administration"(file:Features/Login.feature:21)
]]></failure>
    <system-out><![CDATA[
  @regression
  Scenario Outline: Successful Login with Valid Credentials                    # Features/Login.feature:28
 INFO [main] (Steps.java:27)- ****Launching browser****
    Given User launch chrome browser                                           # Steps.user_launch_chrome_browser()
 INFO [main] (Steps.java:36)- ****Opening URL****
    When User open Url "https://admin-demo.nopcommerce.com/login"              # Steps.user_open_Url(String)
 INFO [main] (Steps.java:43)- ****Providing login details****
    And Users Enter email as "admin1@yourstore.com" and password as "admin123" # Steps.users_Enter_email_as_and_password_as(String,String)
 INFO [main] (Steps.java:50)- ****Started Login****
    And click on login                                                         # Steps.click_on_login()
 INFO [main] (Steps.java:58)- ****Closing browser****
    Then Page title should be "Dashboard / nopCommerce administration"         # Steps.page_title_should_be(String)
      java.lang.AssertionError
	at org.junit.Assert.fail(Assert.java:86)
	at org.junit.Assert.assertTrue(Assert.java:41)
	at org.junit.Assert.assertTrue(Assert.java:52)
	at stepDefinitions.Steps.page_title_should_be(Steps.java:60)
	at ?.Page title should be "Dashboard / nopCommerce administration"(file:Features/Login.feature:21)

    When User click on logout link                                             # Steps.user_click_on_logout_link()
    And close browser                                                          # Steps.close_browser()
]]></system-out>
    <system-err><![CDATA[Starting ChromeDriver 124.0.6367.91 (51df0e5e17a8b0a4f281c1665dbd1b8a0c6b46af-refs/branch-heads/6367@{#984}) on port 23539
Only local connections are allowed.
Please see https://chromedriver.chromium.org/security-considerations for suggestions on keeping ChromeDriver safe.
ChromeDriver was started successfully.
[1716819486.252][WARNING]: This version of ChromeDriver has not been tested with Chrome version 125.
May 27, 2024 7:48:06 PM org.openqa.selenium.remote.ProtocolHandshake createSession
INFO: Detected dialect: W3C
]]></system-err>
  </testcase>
</testsuite>